2023-06-11 08:30:01.686  INFO 25056 --- [cluster-ClusterId{value='648447014d7840599e86692f', description='null'}-ac-7q1nkxa-shard-00-02.unaoa4m.mongodb.net:27017] org.mongodb.driver.cluster               : Exception in monitor thread while connecting to server ac-7q1nkxa-shard-00-02.unaoa4m.mongodb.net:27017

com.mongodb.MongoSocketReadTimeoutException: Timeout while receiving message
	at com.mongodb.internal.connection.InternalStreamConnection.translateReadException(InternalStreamConnection.java:696) ~[mongodb-driver-core-4.6.1.jar:na]
	at com.mongodb.internal.connection.InternalStreamConnection.receiveMessageWithAdditionalTimeout(InternalStreamConnection.java:574) ~[mongodb-driver-core-4.6.1.jar:na]
	at com.mongodb.internal.connection.InternalStreamConnection.receiveCommandMessageResponse(InternalStreamConnection.java:410) ~[mongodb-driver-core-4.6.1.jar:na]
	at com.mongodb.internal.connection.InternalStreamConnection.receive(InternalStreamConnection.java:369) ~[mongodb-driver-core-4.6.1.jar:na]
	at com.mongodb.internal.connection.DefaultServerMonitor$ServerMonitorRunnable.lookupServerDescription(DefaultServerMonitor.java:221) ~[mongodb-driver-core-4.6.1.jar:na]
	at com.mongodb.internal.connection.DefaultServerMonitor$ServerMonitorRunnable.run(DefaultServerMonitor.java:157) ~[mongodb-driver-core-4.6.1.jar:na]
	at java.base/java.lang.Thread.run(Thread.java:834) ~[na:na]
Caused by: java.net.SocketTimeoutException: Read timed out
	at java.base/java.net.SocketInputStream.socketRead0(Native Method) ~[na:na]
	at java.base/java.net.SocketInputStream.socketRead(SocketInputStream.java:115) ~[na:na]
	at java.base/java.net.SocketInputStream.read(SocketInputStream.java:168) ~[na:na]
	at java.base/java.net.SocketInputStream.read(SocketInputStream.java:140) ~[na:na]
	at java.base/sun.security.ssl.SSLSocketInputRecord.read(SSLSocketInputRecord.java:478) ~[na:na]
	at java.base/sun.security.ssl.SSLSocketInputRecord.readHeader(SSLSocketInputRecord.java:472) ~[na:na]
	at java.base/sun.security.ssl.SSLSocketInputRecord.bytesInCompletePacket(SSLSocketInputRecord.java:70) ~[na:na]
	at java.base/sun.security.ssl.SSLSocketImpl.readApplicationRecord(SSLSocketImpl.java:1334) ~[na:na]
	at java.base/sun.security.ssl.SSLSocketImpl$AppInputStream.read(SSLSocketImpl.java:977) ~[na:na]
	at com.mongodb.internal.connection.SocketStream.read(SocketStream.java:110) ~[mongodb-driver-core-4.6.1.jar:na]
	at com.mongodb.internal.connection.SocketStream.read(SocketStream.java:135) ~[mongodb-driver-core-4.6.1.jar:na]
	at com.mongodb.internal.connection.InternalStreamConnection.receiveResponseBuffers(InternalStreamConnection.java:713) ~[mongodb-driver-core-4.6.1.jar:na]
	at com.mongodb.internal.connection.InternalStreamConnection.receiveMessageWithAdditionalTimeout(InternalStreamConnection.java:571) ~[mongodb-driver-core-4.6.1.jar:na]
	... 5 common frames omitted

2023-06-11 08:30:01.722  INFO 25056 --- [cluster-ClusterId{value='648447014d7840599e86692f', description='null'}-ac-7q1nkxa-shard-00-00.unaoa4m.mongodb.net:27017] org.mongodb.driver.cluster               : Exception in monitor thread while connecting to server ac-7q1nkxa-shard-00-00.unaoa4m.mongodb.net:27017

com.mongodb.MongoSocketReadTimeoutException: Timeout while receiving message
	at com.mongodb.internal.connection.InternalStreamConnection.translateReadException(InternalStreamConnection.java:696) ~[mongodb-driver-core-4.6.1.jar:na]
	at com.mongodb.internal.connection.InternalStreamConnection.receiveMessageWithAdditionalTimeout(InternalStreamConnection.java:574) ~[mongodb-driver-core-4.6.1.jar:na]
	at com.mongodb.internal.connection.InternalStreamConnection.receiveCommandMessageResponse(InternalStreamConnection.java:410) ~[mongodb-driver-core-4.6.1.jar:na]
	at com.mongodb.internal.connection.InternalStreamConnection.receive(InternalStreamConnection.java:369) ~[mongodb-driver-core-4.6.1.jar:na]
	at com.mongodb.internal.connection.DefaultServerMonitor$ServerMonitorRunnable.lookupServerDescription(DefaultServerMonitor.java:221) ~[mongodb-driver-core-4.6.1.jar:na]
	at com.mongodb.internal.connection.DefaultServerMonitor$ServerMonitorRunnable.run(DefaultServerMonitor.java:157) ~[mongodb-driver-core-4.6.1.jar:na]
	at java.base/java.lang.Thread.run(Thread.java:834) ~[na:na]
Caused by: java.net.SocketTimeoutException: Read timed out
	at java.base/java.net.SocketInputStream.socketRead0(Native Method) ~[na:na]
	at java.base/java.net.SocketInputStream.socketRead(SocketInputStream.java:115) ~[na:na]
	at java.base/java.net.SocketInputStream.read(SocketInputStream.java:168) ~[na:na]
	at java.base/java.net.SocketInputStream.read(SocketInputStream.java:140) ~[na:na]
	at java.base/sun.security.ssl.SSLSocketInputRecord.read(SSLSocketInputRecord.java:478) ~[na:na]
	at java.base/sun.security.ssl.SSLSocketInputRecord.readHeader(SSLSocketInputRecord.java:472) ~[na:na]
	at java.base/sun.security.ssl.SSLSocketInputRecord.bytesInCompletePacket(SSLSocketInputRecord.java:70) ~[na:na]
	at java.base/sun.security.ssl.SSLSocketImpl.readApplicationRecord(SSLSocketImpl.java:1334) ~[na:na]
	at java.base/sun.security.ssl.SSLSocketImpl$AppInputStream.read(SSLSocketImpl.java:977) ~[na:na]
	at com.mongodb.internal.connection.SocketStream.read(SocketStream.java:110) ~[mongodb-driver-core-4.6.1.jar:na]
	at com.mongodb.internal.connection.SocketStream.read(SocketStream.java:135) ~[mongodb-driver-core-4.6.1.jar:na]
	at com.mongodb.internal.connection.InternalStreamConnection.receiveResponseBuffers(InternalStreamConnection.java:713) ~[mongodb-driver-core-4.6.1.jar:na]
	at com.mongodb.internal.connection.InternalStreamConnection.receiveMessageWithAdditionalTimeout(InternalStreamConnection.java:571) ~[mongodb-driver-core-4.6.1.jar:na]
	... 5 common frames omitted

2023-06-11 08:30:01.836  INFO 25056 --- [cluster-ClusterId{value='648447014d7840599e86692f', description='null'}-ac-7q1nkxa-shard-00-01.unaoa4m.mongodb.net:27017] org.mongodb.driver.cluster               : Exception in monitor thread while connecting to server ac-7q1nkxa-shard-00-01.unaoa4m.mongodb.net:27017

com.mongodb.MongoSocketReadTimeoutException: Timeout while receiving message
	at com.mongodb.internal.connection.InternalStreamConnection.translateReadException(InternalStreamConnection.java:696) ~[mongodb-driver-core-4.6.1.jar:na]
	at com.mongodb.internal.connection.InternalStreamConnection.receiveMessageWithAdditionalTimeout(InternalStreamConnection.java:574) ~[mongodb-driver-core-4.6.1.jar:na]
	at com.mongodb.internal.connection.InternalStreamConnection.receiveCommandMessageResponse(InternalStreamConnection.java:410) ~[mongodb-driver-core-4.6.1.jar:na]
	at com.mongodb.internal.connection.InternalStreamConnection.receive(InternalStreamConnection.java:369) ~[mongodb-driver-core-4.6.1.jar:na]
	at com.mongodb.internal.connection.DefaultServerMonitor$ServerMonitorRunnable.lookupServerDescription(DefaultServerMonitor.java:221) ~[mongodb-driver-core-4.6.1.jar:na]
	at com.mongodb.internal.connection.DefaultServerMonitor$ServerMonitorRunnable.run(DefaultServerMonitor.java:157) ~[mongodb-driver-core-4.6.1.jar:na]
	at java.base/java.lang.Thread.run(Thread.java:834) ~[na:na]
Caused by: java.net.SocketTimeoutException: Read timed out
	at java.base/java.net.SocketInputStream.socketRead0(Native Method) ~[na:na]
	at java.base/java.net.SocketInputStream.socketRead(SocketInputStream.java:115) ~[na:na]
	at java.base/java.net.SocketInputStream.read(SocketInputStream.java:168) ~[na:na]
	at java.base/java.net.SocketInputStream.read(SocketInputStream.java:140) ~[na:na]
	at java.base/sun.security.ssl.SSLSocketInputRecord.read(SSLSocketInputRecord.java:478) ~[na:na]
	at java.base/sun.security.ssl.SSLSocketInputRecord.readHeader(SSLSocketInputRecord.java:472) ~[na:na]
	at java.base/sun.security.ssl.SSLSocketInputRecord.bytesInCompletePacket(SSLSocketInputRecord.java:70) ~[na:na]
	at java.base/sun.security.ssl.SSLSocketImpl.readApplicationRecord(SSLSocketImpl.java:1334) ~[na:na]
	at java.base/sun.security.ssl.SSLSocketImpl$AppInputStream.read(SSLSocketImpl.java:977) ~[na:na]
	at com.mongodb.internal.connection.SocketStream.read(SocketStream.java:110) ~[mongodb-driver-core-4.6.1.jar:na]
	at com.mongodb.internal.connection.SocketStream.read(SocketStream.java:135) ~[mongodb-driver-core-4.6.1.jar:na]
	at com.mongodb.internal.connection.InternalStreamConnection.receiveResponseBuffers(InternalStreamConnection.java:713) ~[mongodb-driver-core-4.6.1.jar:na]
	at com.mongodb.internal.connection.InternalStreamConnection.receiveMessageWithAdditionalTimeout(InternalStreamConnection.java:571) ~[mongodb-driver-core-4.6.1.jar:na]
	... 5 common frames omitted

2023-06-11 08:30:02.727  INFO 25056 --- [cluster-ClusterId{value='648447014d7840599e86692f', description='null'}-ac-7q1nkxa-shard-00-02.unaoa4m.mongodb.net:27017] org.mongodb.driver.connection            : Opened connection [connectionId{localValue:8, serverValue:385418}] to ac-7q1nkxa-shard-00-02.unaoa4m.mongodb.net:27017
2023-06-11 08:30:02.729  INFO 25056 --- [cluster-ClusterId{value='648447014d7840599e86692f', description='null'}-ac-7q1nkxa-shard-00-02.unaoa4m.mongodb.net:27017] org.mongodb.driver.cluster               : Monitor thread successfully connected to server with description ServerDescription{address=ac-7q1nkxa-shard-00-02.unaoa4m.mongodb.net:27017, type=REPLICA_SET_PRIMARY, state=CONNECTED, ok=true, minWireVersion=0, maxWireVersion=17, maxDocumentSize=16777216, logicalSessionTimeoutMinutes=30, roundTripTimeNanos=798984900, setName='atlas-fy51qb-shard-0', canonicalAddress=ac-7q1nkxa-shard-00-02.unaoa4m.mongodb.net:27017, hosts=[ac-7q1nkxa-shard-00-02.unaoa4m.mongodb.net:27017, ac-7q1nkxa-shard-00-00.unaoa4m.mongodb.net:27017, ac-7q1nkxa-shard-00-01.unaoa4m.mongodb.net:27017], passives=[], arbiters=[], primary='ac-7q1nkxa-shard-00-02.unaoa4m.mongodb.net:27017', tagSet=TagSet{[Tag{name='nodeType', value='ELECTABLE'}, Tag{name='provider', value='AWS'}, Tag{name='region', value='AP_NORTHEAST_2'}, Tag{name='workloadType', value='OPERATIONAL'}]}, electionId=7fffffff0000000000000029, setVersion=2, topologyVersion=TopologyVersion{processId=6470dbb7f44aa0a52da3f774, counter=6}, lastWriteDate=Sun Jun 11 08:30:01 GMT+09:00 2023, lastUpdateTimeNanos=255333989654600}
2023-06-11 08:30:02.730  INFO 25056 --- [cluster-ClusterId{value='648447014d7840599e86692f', description='null'}-ac-7q1nkxa-shard-00-02.unaoa4m.mongodb.net:27017] org.mongodb.driver.cluster               : Discovered replica set primary ac-7q1nkxa-shard-00-02.unaoa4m.mongodb.net:27017
2023-06-11 08:30:03.532  INFO 25056 --- [cluster-ClusterId{value='648447014d7840599e86692f', description='null'}-ac-7q1nkxa-shard-00-00.unaoa4m.mongodb.net:27017] org.mongodb.driver.connection            : Opened connection [connectionId{localValue:9, serverValue:385198}] to ac-7q1nkxa-shard-00-00.unaoa4m.mongodb.net:27017
2023-06-11 08:30:03.533  INFO 25056 --- [cluster-ClusterId{value='648447014d7840599e86692f', description='null'}-ac-7q1nkxa-shard-00-00.unaoa4m.mongodb.net:27017] org.mongodb.driver.cluster               : Monitor thread successfully connected to server with description ServerDescription{address=ac-7q1nkxa-shard-00-00.unaoa4m.mongodb.net:27017, type=REPLICA_SET_SECONDARY, state=CONNECTED, ok=true, minWireVersion=0, maxWireVersion=17, maxDocumentSize=16777216, logicalSessionTimeoutMinutes=30, roundTripTimeNanos=1301796000, setName='atlas-fy51qb-shard-0', canonicalAddress=ac-7q1nkxa-shard-00-00.unaoa4m.mongodb.net:27017, hosts=[ac-7q1nkxa-shard-00-02.unaoa4m.mongodb.net:27017, ac-7q1nkxa-shard-00-00.unaoa4m.mongodb.net:27017, ac-7q1nkxa-shard-00-01.unaoa4m.mongodb.net:27017], passives=[], arbiters=[], primary='ac-7q1nkxa-shard-00-02.unaoa4m.mongodb.net:27017', tagSet=TagSet{[Tag{name='nodeType', value='ELECTABLE'}, Tag{name='provider', value='AWS'}, Tag{name='region', value='AP_NORTHEAST_2'}, Tag{name='workloadType', value='OPERATIONAL'}]}, electionId=null, setVersion=2, topologyVersion=TopologyVersion{processId=6470d99437e3eb21eaf1dbb7, counter=5}, lastWriteDate=Sun Jun 11 08:30:02 GMT+09:00 2023, lastUpdateTimeNanos=255334793793600}
2023-06-11 08:30:03.775  INFO 25056 --- [cluster-ClusterId{value='648447014d7840599e86692f', description='null'}-ac-7q1nkxa-shard-00-01.unaoa4m.mongodb.net:27017] org.mongodb.driver.connection            : Opened connection [connectionId{localValue:10, serverValue:384622}] to ac-7q1nkxa-shard-00-01.unaoa4m.mongodb.net:27017
2023-06-11 08:30:03.775  INFO 25056 --- [cluster-ClusterId{value='648447014d7840599e86692f', description='null'}-ac-7q1nkxa-shard-00-01.unaoa4m.mongodb.net:27017] org.mongodb.driver.cluster               : Monitor thread successfully connected to server with description ServerDescription{address=ac-7q1nkxa-shard-00-01.unaoa4m.mongodb.net:27017, type=REPLICA_SET_SECONDARY, state=CONNECTED, ok=true, minWireVersion=0, maxWireVersion=17, maxDocumentSize=16777216, logicalSessionTimeoutMinutes=30, roundTripTimeNanos=427090900, setName='atlas-fy51qb-shard-0', canonicalAddress=ac-7q1nkxa-shard-00-01.unaoa4m.mongodb.net:27017, hosts=[ac-7q1nkxa-shard-00-02.unaoa4m.mongodb.net:27017, ac-7q1nkxa-shard-00-00.unaoa4m.mongodb.net:27017, ac-7q1nkxa-shard-00-01.unaoa4m.mongodb.net:27017], passives=[], arbiters=[], primary='ac-7q1nkxa-shard-00-02.unaoa4m.mongodb.net:27017', tagSet=TagSet{[Tag{name='nodeType', value='ELECTABLE'}, Tag{name='provider', value='AWS'}, Tag{name='region', value='AP_NORTHEAST_2'}, Tag{name='workloadType', value='OPERATIONAL'}]}, electionId=null, setVersion=2, topologyVersion=TopologyVersion{processId=6470daca9c6051b56f228d74, counter=10}, lastWriteDate=Sun Jun 11 08:30:03 GMT+09:00 2023, lastUpdateTimeNanos=255335036506600}
2023-06-11 14:13:57.006  INFO 25056 --- [cluster-ClusterId{value='648447014d7840599e86692f', description='null'}-ac-7q1nkxa-shard-00-02.unaoa4m.mongodb.net:27017] org.mongodb.driver.cluster               : Exception in monitor thread while connecting to server ac-7q1nkxa-shard-00-02.unaoa4m.mongodb.net:27017

com.mongodb.MongoSocketReadException: Exception receiving message
	at com.mongodb.internal.connection.InternalStreamConnection.translateReadException(InternalStreamConnection.java:702) ~[mongodb-driver-core-4.6.1.jar:na]
	at com.mongodb.internal.connection.InternalStreamConnection.receiveMessageWithAdditionalTimeout(InternalStreamConnection.java:574) ~[mongodb-driver-core-4.6.1.jar:na]
	at com.mongodb.internal.connection.InternalStreamConnection.receiveCommandMessageResponse(InternalStreamConnection.java:410) ~[mongodb-driver-core-4.6.1.jar:na]
	at com.mongodb.internal.connection.InternalStreamConnection.receive(InternalStreamConnection.java:369) ~[mongodb-driver-core-4.6.1.jar:na]
	at com.mongodb.internal.connection.DefaultServerMonitor$ServerMonitorRunnable.lookupServerDescription(DefaultServerMonitor.java:221) ~[mongodb-driver-core-4.6.1.jar:na]
	at com.mongodb.internal.connection.DefaultServerMonitor$ServerMonitorRunnable.run(DefaultServerMonitor.java:157) ~[mongodb-driver-core-4.6.1.jar:na]
	at java.base/java.lang.Thread.run(Thread.java:834) ~[na:na]
Caused by: java.net.SocketException: Socket is closed
	at java.base/java.net.Socket.setSoTimeout(Socket.java:1154) ~[na:na]
	at java.base/sun.security.ssl.BaseSSLSocketImpl.setSoTimeout(BaseSSLSocketImpl.java:637) ~[na:na]
	at java.base/sun.security.ssl.SSLSocketImpl.setSoTimeout(SSLSocketImpl.java:75) ~[na:na]
	at com.mongodb.internal.connection.SocketStream.read(SocketStream.java:137) ~[mongodb-driver-core-4.6.1.jar:na]
	at com.mongodb.internal.connection.InternalStreamConnection.receiveResponseBuffers(InternalStreamConnection.java:713) ~[mongodb-driver-core-4.6.1.jar:na]
	at com.mongodb.internal.connection.InternalStreamConnection.receiveMessageWithAdditionalTimeout(InternalStreamConnection.java:571) ~[mongodb-driver-core-4.6.1.jar:na]
	... 5 common frames omitted

2023-06-11 14:13:57.006  INFO 25056 --- [cluster-ClusterId{value='648447014d7840599e86692f', description='null'}-ac-7q1nkxa-shard-00-02.unaoa4m.mongodb.net:27017] org.mongodb.driver.cluster               : Exception in monitor thread while connecting to server ac-7q1nkxa-shard-00-02.unaoa4m.mongodb.net:27017

com.mongodb.MongoSocketException: ac-7q1nkxa-shard-00-02.unaoa4m.mongodb.net
	at com.mongodb.ServerAddress.getSocketAddresses(ServerAddress.java:217) ~[mongodb-driver-core-4.6.1.jar:na]
	at com.mongodb.internal.connection.SocketStream.initializeSocket(SocketStream.java:75) ~[mongodb-driver-core-4.6.1.jar:na]
	at com.mongodb.internal.connection.SocketStream.open(SocketStream.java:65) ~[mongodb-driver-core-4.6.1.jar:na]
	at com.mongodb.internal.connection.InternalStreamConnection.open(InternalStreamConnection.java:180) ~[mongodb-driver-core-4.6.1.jar:na]
	at com.mongodb.internal.connection.DefaultServerMonitor$ServerMonitorRunnable.lookupServerDescription(DefaultServerMonitor.java:193) ~[mongodb-driver-core-4.6.1.jar:na]
	at com.mongodb.internal.connection.DefaultServerMonitor$ServerMonitorRunnable.run(DefaultServerMonitor.java:157) ~[mongodb-driver-core-4.6.1.jar:na]
	at java.base/java.lang.Thread.run(Thread.java:834) ~[na:na]
Caused by: java.net.UnknownHostException: ac-7q1nkxa-shard-00-02.unaoa4m.mongodb.net
	at java.base/java.net.InetAddress$CachedAddresses.get(InetAddress.java:797) ~[na:na]
	at java.base/java.net.InetAddress.getAllByName0(InetAddress.java:1520) ~[na:na]
	at java.base/java.net.InetAddress.getAllByName(InetAddress.java:1378) ~[na:na]
	at java.base/java.net.InetAddress.getAllByName(InetAddress.java:1302) ~[na:na]
	at com.mongodb.ServerAddress.getSocketAddresses(ServerAddress.java:209) ~[mongodb-driver-core-4.6.1.jar:na]
	... 6 common frames omitted

2023-06-11 14:13:57.030  INFO 25056 --- [cluster-ClusterId{value='648447014d7840599e86692f', description='null'}-ac-7q1nkxa-shard-00-01.unaoa4m.mongodb.net:27017] org.mongodb.driver.cluster               : Exception in monitor thread while connecting to server ac-7q1nkxa-shard-00-01.unaoa4m.mongodb.net:27017

com.mongodb.MongoSocketReadException: Exception receiving message
	at com.mongodb.internal.connection.InternalStreamConnection.translateReadException(InternalStreamConnection.java:702) ~[mongodb-driver-core-4.6.1.jar:na]
	at com.mongodb.internal.connection.InternalStreamConnection.receiveMessageWithAdditionalTimeout(InternalStreamConnection.java:574) ~[mongodb-driver-core-4.6.1.jar:na]
	at com.mongodb.internal.connection.InternalStreamConnection.receiveCommandMessageResponse(InternalStreamConnection.java:410) ~[mongodb-driver-core-4.6.1.jar:na]
	at com.mongodb.internal.connection.InternalStreamConnection.receive(InternalStreamConnection.java:369) ~[mongodb-driver-core-4.6.1.jar:na]
	at com.mongodb.internal.connection.DefaultServerMonitor$ServerMonitorRunnable.lookupServerDescription(DefaultServerMonitor.java:221) ~[mongodb-driver-core-4.6.1.jar:na]
	at com.mongodb.internal.connection.DefaultServerMonitor$ServerMonitorRunnable.run(DefaultServerMonitor.java:157) ~[mongodb-driver-core-4.6.1.jar:na]
	at java.base/java.lang.Thread.run(Thread.java:834) ~[na:na]
Caused by: java.net.SocketException: Socket is closed
	at java.base/java.net.Socket.setSoTimeout(Socket.java:1154) ~[na:na]
	at java.base/sun.security.ssl.BaseSSLSocketImpl.setSoTimeout(BaseSSLSocketImpl.java:637) ~[na:na]
	at java.base/sun.security.ssl.SSLSocketImpl.setSoTimeout(SSLSocketImpl.java:75) ~[na:na]
	at com.mongodb.internal.connection.SocketStream.read(SocketStream.java:137) ~[mongodb-driver-core-4.6.1.jar:na]
	at com.mongodb.internal.connection.InternalStreamConnection.receiveResponseBuffers(InternalStreamConnection.java:713) ~[mongodb-driver-core-4.6.1.jar:na]
	at com.mongodb.internal.connection.InternalStreamConnection.receiveMessageWithAdditionalTimeout(InternalStreamConnection.java:571) ~[mongodb-driver-core-4.6.1.jar:na]
	... 5 common frames omitted

2023-06-11 14:13:57.038  INFO 25056 --- [cluster-ClusterId{value='648447014d7840599e86692f', description='null'}-ac-7q1nkxa-shard-00-00.unaoa4m.mongodb.net:27017] org.mongodb.driver.cluster               : Exception in monitor thread while connecting to server ac-7q1nkxa-shard-00-00.unaoa4m.mongodb.net:27017

com.mongodb.MongoSocketReadException: Exception receiving message
	at com.mongodb.internal.connection.InternalStreamConnection.translateReadException(InternalStreamConnection.java:702) ~[mongodb-driver-core-4.6.1.jar:na]
	at com.mongodb.internal.connection.InternalStreamConnection.receiveMessageWithAdditionalTimeout(InternalStreamConnection.java:574) ~[mongodb-driver-core-4.6.1.jar:na]
	at com.mongodb.internal.connection.InternalStreamConnection.receiveCommandMessageResponse(InternalStreamConnection.java:410) ~[mongodb-driver-core-4.6.1.jar:na]
	at com.mongodb.internal.connection.InternalStreamConnection.receive(InternalStreamConnection.java:369) ~[mongodb-driver-core-4.6.1.jar:na]
	at com.mongodb.internal.connection.DefaultServerMonitor$ServerMonitorRunnable.lookupServerDescription(DefaultServerMonitor.java:221) ~[mongodb-driver-core-4.6.1.jar:na]
	at com.mongodb.internal.connection.DefaultServerMonitor$ServerMonitorRunnable.run(DefaultServerMonitor.java:157) ~[mongodb-driver-core-4.6.1.jar:na]
	at java.base/java.lang.Thread.run(Thread.java:834) ~[na:na]
Caused by: java.net.SocketException: Socket is closed
	at java.base/java.net.Socket.setSoTimeout(Socket.java:1154) ~[na:na]
	at java.base/sun.security.ssl.BaseSSLSocketImpl.setSoTimeout(BaseSSLSocketImpl.java:637) ~[na:na]
	at java.base/sun.security.ssl.SSLSocketImpl.setSoTimeout(SSLSocketImpl.java:75) ~[na:na]
	at com.mongodb.internal.connection.SocketStream.read(SocketStream.java:137) ~[mongodb-driver-core-4.6.1.jar:na]
	at com.mongodb.internal.connection.InternalStreamConnection.receiveResponseBuffers(InternalStreamConnection.java:713) ~[mongodb-driver-core-4.6.1.jar:na]
	at com.mongodb.internal.connection.InternalStreamConnection.receiveMessageWithAdditionalTimeout(InternalStreamConnection.java:571) ~[mongodb-driver-core-4.6.1.jar:na]
	... 5 common frames omitted

2023-06-11 14:13:57.038  INFO 25056 --- [cluster-ClusterId{value='648447014d7840599e86692f', description='null'}-ac-7q1nkxa-shard-00-01.unaoa4m.mongodb.net:27017] org.mongodb.driver.cluster               : Exception in monitor thread while connecting to server ac-7q1nkxa-shard-00-01.unaoa4m.mongodb.net:27017

com.mongodb.MongoSocketException: ac-7q1nkxa-shard-00-01.unaoa4m.mongodb.net
	at com.mongodb.ServerAddress.getSocketAddresses(ServerAddress.java:217) ~[mongodb-driver-core-4.6.1.jar:na]
	at com.mongodb.internal.connection.SocketStream.initializeSocket(SocketStream.java:75) ~[mongodb-driver-core-4.6.1.jar:na]
	at com.mongodb.internal.connection.SocketStream.open(SocketStream.java:65) ~[mongodb-driver-core-4.6.1.jar:na]
	at com.mongodb.internal.connection.InternalStreamConnection.open(InternalStreamConnection.java:180) ~[mongodb-driver-core-4.6.1.jar:na]
	at com.mongodb.internal.connection.DefaultServerMonitor$ServerMonitorRunnable.lookupServerDescription(DefaultServerMonitor.java:193) ~[mongodb-driver-core-4.6.1.jar:na]
	at com.mongodb.internal.connection.DefaultServerMonitor$ServerMonitorRunnable.run(DefaultServerMonitor.java:157) ~[mongodb-driver-core-4.6.1.jar:na]
	at java.base/java.lang.Thread.run(Thread.java:834) ~[na:na]
Caused by: java.net.UnknownHostException: ac-7q1nkxa-shard-00-01.unaoa4m.mongodb.net
	at java.base/java.net.InetAddress$CachedAddresses.get(InetAddress.java:797) ~[na:na]
	at java.base/java.net.InetAddress.getAllByName0(InetAddress.java:1520) ~[na:na]
	at java.base/java.net.InetAddress.getAllByName(InetAddress.java:1378) ~[na:na]
	at java.base/java.net.InetAddress.getAllByName(InetAddress.java:1302) ~[na:na]
	at com.mongodb.ServerAddress.getSocketAddresses(ServerAddress.java:209) ~[mongodb-driver-core-4.6.1.jar:na]
	... 6 common frames omitted

2023-06-11 14:13:57.046  INFO 25056 --- [cluster-ClusterId{value='648447014d7840599e86692f', description='null'}-ac-7q1nkxa-shard-00-00.unaoa4m.mongodb.net:27017] org.mongodb.driver.cluster               : Exception in monitor thread while connecting to server ac-7q1nkxa-shard-00-00.unaoa4m.mongodb.net:27017

com.mongodb.MongoSocketException: ac-7q1nkxa-shard-00-00.unaoa4m.mongodb.net
	at com.mongodb.ServerAddress.getSocketAddresses(ServerAddress.java:217) ~[mongodb-driver-core-4.6.1.jar:na]
	at com.mongodb.internal.connection.SocketStream.initializeSocket(SocketStream.java:75) ~[mongodb-driver-core-4.6.1.jar:na]
	at com.mongodb.internal.connection.SocketStream.open(SocketStream.java:65) ~[mongodb-driver-core-4.6.1.jar:na]
	at com.mongodb.internal.connection.InternalStreamConnection.open(InternalStreamConnection.java:180) ~[mongodb-driver-core-4.6.1.jar:na]
	at com.mongodb.internal.connection.DefaultServerMonitor$ServerMonitorRunnable.lookupServerDescription(DefaultServerMonitor.java:193) ~[mongodb-driver-core-4.6.1.jar:na]
	at com.mongodb.internal.connection.DefaultServerMonitor$ServerMonitorRunnable.run(DefaultServerMonitor.java:157) ~[mongodb-driver-core-4.6.1.jar:na]
	at java.base/java.lang.Thread.run(Thread.java:834) ~[na:na]
Caused by: java.net.UnknownHostException: ac-7q1nkxa-shard-00-00.unaoa4m.mongodb.net
	at java.base/java.net.InetAddress$CachedAddresses.get(InetAddress.java:797) ~[na:na]
	at java.base/java.net.InetAddress.getAllByName0(InetAddress.java:1520) ~[na:na]
	at java.base/java.net.InetAddress.getAllByName(InetAddress.java:1378) ~[na:na]
	at java.base/java.net.InetAddress.getAllByName(InetAddress.java:1302) ~[na:na]
	at com.mongodb.ServerAddress.getSocketAddresses(ServerAddress.java:209) ~[mongodb-driver-core-4.6.1.jar:na]
	... 6 common frames omitted

2023-06-11 14:14:12.394  INFO 25056 --- [cluster-rtt-ClusterId{value='648447014d7840599e86692f', description='null'}-ac-7q1nkxa-shard-00-00.unaoa4m.mongodb.net:27017] org.mongodb.driver.connection            : Opened connection [connectionId{localValue:23, serverValue:389088}] to ac-7q1nkxa-shard-00-00.unaoa4m.mongodb.net:27017
2023-06-11 14:14:12.401  INFO 25056 --- [cluster-rtt-ClusterId{value='648447014d7840599e86692f', description='null'}-ac-7q1nkxa-shard-00-01.unaoa4m.mongodb.net:27017] org.mongodb.driver.connection            : Opened connection [connectionId{localValue:24, serverValue:388508}] to ac-7q1nkxa-shard-00-01.unaoa4m.mongodb.net:27017
2023-06-11 14:14:12.403  INFO 25056 --- [cluster-rtt-ClusterId{value='648447014d7840599e86692f', description='null'}-ac-7q1nkxa-shard-00-02.unaoa4m.mongodb.net:27017] org.mongodb.driver.connection            : Opened connection [connectionId{localValue:25, serverValue:389316}] to ac-7q1nkxa-shard-00-02.unaoa4m.mongodb.net:27017
2023-06-11 14:14:18.373  INFO 25056 --- [cluster-ClusterId{value='648447014d7840599e86692f', description='null'}-ac-7q1nkxa-shard-00-02.unaoa4m.mongodb.net:27017] org.mongodb.driver.connection            : Opened connection [connectionId{localValue:26, serverValue:389336}] to ac-7q1nkxa-shard-00-02.unaoa4m.mongodb.net:27017
2023-06-11 14:14:18.374  INFO 25056 --- [cluster-ClusterId{value='648447014d7840599e86692f', description='null'}-ac-7q1nkxa-shard-00-02.unaoa4m.mongodb.net:27017] org.mongodb.driver.cluster               : Monitor thread successfully connected to server with description ServerDescription{address=ac-7q1nkxa-shard-00-02.unaoa4m.mongodb.net:27017, type=REPLICA_SET_PRIMARY, state=CONNECTED, ok=true, minWireVersion=0, maxWireVersion=17, maxDocumentSize=16777216, logicalSessionTimeoutMinutes=30, roundTripTimeNanos=803625400, setName='atlas-fy51qb-shard-0', canonicalAddress=ac-7q1nkxa-shard-00-02.unaoa4m.mongodb.net:27017, hosts=[ac-7q1nkxa-shard-00-02.unaoa4m.mongodb.net:27017, ac-7q1nkxa-shard-00-00.unaoa4m.mongodb.net:27017, ac-7q1nkxa-shard-00-01.unaoa4m.mongodb.net:27017], passives=[], arbiters=[], primary='ac-7q1nkxa-shard-00-02.unaoa4m.mongodb.net:27017', tagSet=TagSet{[Tag{name='nodeType', value='ELECTABLE'}, Tag{name='provider', value='AWS'}, Tag{name='region', value='AP_NORTHEAST_2'}, Tag{name='workloadType', value='OPERATIONAL'}]}, electionId=7fffffff0000000000000029, setVersion=2, topologyVersion=TopologyVersion{processId=6470dbb7f44aa0a52da3f774, counter=6}, lastWriteDate=Sun Jun 11 14:14:15 GMT+09:00 2023, lastUpdateTimeNanos=275993273731700}
2023-06-11 14:14:18.374  INFO 25056 --- [cluster-ClusterId{value='648447014d7840599e86692f', description='null'}-ac-7q1nkxa-shard-00-02.unaoa4m.mongodb.net:27017] org.mongodb.driver.cluster               : Discovered replica set primary ac-7q1nkxa-shard-00-02.unaoa4m.mongodb.net:27017
2023-06-11 14:14:20.825  INFO 25056 --- [cluster-ClusterId{value='648447014d7840599e86692f', description='null'}-ac-7q1nkxa-shard-00-01.unaoa4m.mongodb.net:27017] org.mongodb.driver.connection            : Opened connection [connectionId{localValue:27, serverValue:388510}] to ac-7q1nkxa-shard-00-01.unaoa4m.mongodb.net:27017
2023-06-11 14:14:20.825  INFO 25056 --- [cluster-ClusterId{value='648447014d7840599e86692f', description='null'}-ac-7q1nkxa-shard-00-01.unaoa4m.mongodb.net:27017] org.mongodb.driver.cluster               : Monitor thread successfully connected to server with description ServerDescription{address=ac-7q1nkxa-shard-00-01.unaoa4m.mongodb.net:27017, type=REPLICA_SET_SECONDARY, state=CONNECTED, ok=true, minWireVersion=0, maxWireVersion=17, maxDocumentSize=16777216, logicalSessionTimeoutMinutes=30, roundTripTimeNanos=3193203599, setName='atlas-fy51qb-shard-0', canonicalAddress=ac-7q1nkxa-shard-00-01.unaoa4m.mongodb.net:27017, hosts=[ac-7q1nkxa-shard-00-02.unaoa4m.mongodb.net:27017, ac-7q1nkxa-shard-00-00.unaoa4m.mongodb.net:27017, ac-7q1nkxa-shard-00-01.unaoa4m.mongodb.net:27017], passives=[], arbiters=[], primary='ac-7q1nkxa-shard-00-02.unaoa4m.mongodb.net:27017', tagSet=TagSet{[Tag{name='nodeType', value='ELECTABLE'}, Tag{name='provider', value='AWS'}, Tag{name='region', value='AP_NORTHEAST_2'}, Tag{name='workloadType', value='OPERATIONAL'}]}, electionId=null, setVersion=2, topologyVersion=TopologyVersion{processId=6470daca9c6051b56f228d74, counter=10}, lastWriteDate=Sun Jun 11 14:14:17 GMT+09:00 2023, lastUpdateTimeNanos=275995725026200}
2023-06-11 14:14:20.825  INFO 25056 --- [cluster-ClusterId{value='648447014d7840599e86692f', description='null'}-ac-7q1nkxa-shard-00-00.unaoa4m.mongodb.net:27017] org.mongodb.driver.connection            : Opened connection [connectionId{localValue:28, serverValue:389088}] to ac-7q1nkxa-shard-00-00.unaoa4m.mongodb.net:27017
2023-06-11 14:14:20.825  INFO 25056 --- [cluster-ClusterId{value='648447014d7840599e86692f', description='null'}-ac-7q1nkxa-shard-00-00.unaoa4m.mongodb.net:27017] org.mongodb.driver.cluster               : Monitor thread successfully connected to server with description ServerDescription{address=ac-7q1nkxa-shard-00-00.unaoa4m.mongodb.net:27017, type=REPLICA_SET_SECONDARY, state=CONNECTED, ok=true, minWireVersion=0, maxWireVersion=17, maxDocumentSize=16777216, logicalSessionTimeoutMinutes=30, roundTripTimeNanos=3193178900, setName='atlas-fy51qb-shard-0', canonicalAddress=ac-7q1nkxa-shard-00-00.unaoa4m.mongodb.net:27017, hosts=[ac-7q1nkxa-shard-00-02.unaoa4m.mongodb.net:27017, ac-7q1nkxa-shard-00-00.unaoa4m.mongodb.net:27017, ac-7q1nkxa-shard-00-01.unaoa4m.mongodb.net:27017], passives=[], arbiters=[], primary='ac-7q1nkxa-shard-00-02.unaoa4m.mongodb.net:27017', tagSet=TagSet{[Tag{name='nodeType', value='ELECTABLE'}, Tag{name='provider', value='AWS'}, Tag{name='region', value='AP_NORTHEAST_2'}, Tag{name='workloadType', value='OPERATIONAL'}]}, electionId=null, setVersion=2, topologyVersion=TopologyVersion{processId=6470d99437e3eb21eaf1dbb7, counter=5}, lastWriteDate=Sun Jun 11 14:14:17 GMT+09:00 2023, lastUpdateTimeNanos=275995725049400}
